<?xml version="1.0" encoding="UTF-8"?>
<testsuites>
  <testsuite name="/home/spintokha/projects/apextoolbox/symfony-logger/phpunit.xml" tests="65" assertions="150" errors="0" failures="0" skipped="0" time="0.329896">
    <testsuite name="Unit" tests="65" assertions="150" errors="0" failures="0" skipped="0" time="0.329896">
      <testsuite name="ApexToolbox\SymfonyLogger\Tests\DependencyInjection\ApexToolboxLoggerExtensionTest" file="/home/spintokha/projects/apextoolbox/symfony-logger/tests/DependencyInjection/ApexToolboxLoggerExtensionTest.php" tests="5" assertions="12" errors="0" failures="0" skipped="0" time="0.015403">
        <testcase name="testLoadSetsDefaultConfiguration" file="/home/spintokha/projects/apextoolbox/symfony-logger/tests/DependencyInjection/ApexToolboxLoggerExtensionTest.php" line="27" class="ApexToolbox\SymfonyLogger\Tests\DependencyInjection\ApexToolboxLoggerExtensionTest" classname="ApexToolbox.SymfonyLogger.Tests.DependencyInjection.ApexToolboxLoggerExtensionTest" assertions="4" time="0.013191"/>
        <testcase name="testLoadWithMultipleConfigs" file="/home/spintokha/projects/apextoolbox/symfony-logger/tests/DependencyInjection/ApexToolboxLoggerExtensionTest.php" line="71" class="ApexToolbox\SymfonyLogger\Tests\DependencyInjection\ApexToolboxLoggerExtensionTest" classname="ApexToolbox.SymfonyLogger.Tests.DependencyInjection.ApexToolboxLoggerExtensionTest" assertions="2" time="0.000721"/>
        <testcase name="testLoadWithCustomConfiguration" file="/home/spintokha/projects/apextoolbox/symfony-logger/tests/DependencyInjection/ApexToolboxLoggerExtensionTest.php" line="39" class="ApexToolbox\SymfonyLogger\Tests\DependencyInjection\ApexToolboxLoggerExtensionTest" classname="ApexToolbox.SymfonyLogger.Tests.DependencyInjection.ApexToolboxLoggerExtensionTest" assertions="3" time="0.000760"/>
        <testcase name="testLoadRegistersEventListeners" file="/home/spintokha/projects/apextoolbox/symfony-logger/tests/DependencyInjection/ApexToolboxLoggerExtensionTest.php" line="59" class="ApexToolbox\SymfonyLogger\Tests\DependencyInjection\ApexToolboxLoggerExtensionTest" classname="ApexToolbox.SymfonyLogger.Tests.DependencyInjection.ApexToolboxLoggerExtensionTest" assertions="2" time="0.000652"/>
        <testcase name="testGetAlias" file="/home/spintokha/projects/apextoolbox/symfony-logger/tests/DependencyInjection/ApexToolboxLoggerExtensionTest.php" line="22" class="ApexToolbox\SymfonyLogger\Tests\DependencyInjection\ApexToolboxLoggerExtensionTest" classname="ApexToolbox.SymfonyLogger.Tests.DependencyInjection.ApexToolboxLoggerExtensionTest" assertions="1" time="0.000079"/>
      </testsuite>
      <testsuite name="ApexToolbox\SymfonyLogger\Tests\EventListener\LoggerListenerTest" file="/home/spintokha/projects/apextoolbox/symfony-logger/tests/EventListener/LoggerListenerTest.php" tests="22" assertions="47" errors="0" failures="0" skipped="0" time="0.300097">
        <testcase name="testOnKernelRequestSetsStartTime" file="/home/spintokha/projects/apextoolbox/symfony-logger/tests/EventListener/LoggerListenerTest.php" line="65" class="ApexToolbox\SymfonyLogger\Tests\EventListener\LoggerListenerTest" classname="ApexToolbox.SymfonyLogger.Tests.EventListener.LoggerListenerTest" assertions="1" time="0.009526"/>
        <testcase name="testShouldTrackReturnsFalseWhenDisabled" file="/home/spintokha/projects/apextoolbox/symfony-logger/tests/EventListener/LoggerListenerTest.php" line="110" class="ApexToolbox\SymfonyLogger\Tests\EventListener\LoggerListenerTest" classname="ApexToolbox.SymfonyLogger.Tests.EventListener.LoggerListenerTest" assertions="1" time="0.000211"/>
        <testcase name="testShouldTrackReturnsFalseWhenNoToken" file="/home/spintokha/projects/apextoolbox/symfony-logger/tests/EventListener/LoggerListenerTest.php" line="121" class="ApexToolbox\SymfonyLogger\Tests\EventListener\LoggerListenerTest" classname="ApexToolbox.SymfonyLogger.Tests.EventListener.LoggerListenerTest" assertions="1" time="0.000258"/>
        <testcase name="testShouldTrackReturnsTrueForIncludedPaths" file="/home/spintokha/projects/apextoolbox/symfony-logger/tests/EventListener/LoggerListenerTest.php" line="132" class="ApexToolbox\SymfonyLogger\Tests\EventListener\LoggerListenerTest" classname="ApexToolbox.SymfonyLogger.Tests.EventListener.LoggerListenerTest" assertions="3" time="0.000157"/>
        <testcase name="testShouldTrackReturnsFalseForExcludedPaths" file="/home/spintokha/projects/apextoolbox/symfony-logger/tests/EventListener/LoggerListenerTest.php" line="160" class="ApexToolbox\SymfonyLogger\Tests\EventListener\LoggerListenerTest" classname="ApexToolbox.SymfonyLogger.Tests.EventListener.LoggerListenerTest" assertions="1" time="0.000118"/>
        <testcase name="testShouldTrackReturnsFalseForNonIncludedPaths" file="/home/spintokha/projects/apextoolbox/symfony-logger/tests/EventListener/LoggerListenerTest.php" line="168" class="ApexToolbox\SymfonyLogger\Tests\EventListener\LoggerListenerTest" classname="ApexToolbox.SymfonyLogger.Tests.EventListener.LoggerListenerTest" assertions="1" time="0.000108"/>
        <testcase name="testMatchesPatternHandlesWildcards" file="/home/spintokha/projects/apextoolbox/symfony-logger/tests/EventListener/LoggerListenerTest.php" line="176" class="ApexToolbox\SymfonyLogger\Tests\EventListener\LoggerListenerTest" classname="ApexToolbox.SymfonyLogger.Tests.EventListener.LoggerListenerTest" assertions="4" time="0.000120"/>
        <testcase name="testMatchesPatternHandlesExactMatches" file="/home/spintokha/projects/apextoolbox/symfony-logger/tests/EventListener/LoggerListenerTest.php" line="184" class="ApexToolbox\SymfonyLogger\Tests\EventListener\LoggerListenerTest" classname="ApexToolbox.SymfonyLogger.Tests.EventListener.LoggerListenerTest" assertions="2" time="0.000096"/>
        <testcase name="testFilterHeadersExcludesSensitiveHeaders" file="/home/spintokha/projects/apextoolbox/symfony-logger/tests/EventListener/LoggerListenerTest.php" line="207" class="ApexToolbox\SymfonyLogger\Tests\EventListener\LoggerListenerTest" classname="ApexToolbox.SymfonyLogger.Tests.EventListener.LoggerListenerTest" assertions="4" time="0.000529"/>
        <testcase name="testFilterHeadersIncludesAllWhenSensitiveAllowed" file="/home/spintokha/projects/apextoolbox/symfony-logger/tests/EventListener/LoggerListenerTest.php" line="224" class="ApexToolbox\SymfonyLogger\Tests\EventListener\LoggerListenerTest" classname="ApexToolbox.SymfonyLogger.Tests.EventListener.LoggerListenerTest" assertions="2" time="0.000160"/>
        <testcase name="testFilterBodyExcludesSensitiveFields" file="/home/spintokha/projects/apextoolbox/symfony-logger/tests/EventListener/LoggerListenerTest.php" line="244" class="ApexToolbox\SymfonyLogger\Tests\EventListener\LoggerListenerTest" classname="ApexToolbox.SymfonyLogger.Tests.EventListener.LoggerListenerTest" assertions="4" time="0.000174"/>
        <testcase name="testFilterBodyTruncatesLargeContent" file="/home/spintokha/projects/apextoolbox/symfony-logger/tests/EventListener/LoggerListenerTest.php" line="261" class="ApexToolbox\SymfonyLogger\Tests\EventListener\LoggerListenerTest" classname="ApexToolbox.SymfonyLogger.Tests.EventListener.LoggerListenerTest" assertions="2" time="0.000121"/>
        <testcase name="testGetResponseContentHandlesRegularResponse" file="/home/spintokha/projects/apextoolbox/symfony-logger/tests/EventListener/LoggerListenerTest.php" line="278" class="ApexToolbox\SymfonyLogger\Tests\EventListener\LoggerListenerTest" classname="ApexToolbox.SymfonyLogger.Tests.EventListener.LoggerListenerTest" assertions="1" time="0.001423"/>
        <testcase name="testGetResponseContentHandlesJsonResponse" file="/home/spintokha/projects/apextoolbox/symfony-logger/tests/EventListener/LoggerListenerTest.php" line="287" class="ApexToolbox\SymfonyLogger\Tests\EventListener\LoggerListenerTest" classname="ApexToolbox.SymfonyLogger.Tests.EventListener.LoggerListenerTest" assertions="1" time="0.000222"/>
        <testcase name="testGetEndpointUrlReturnsProductionByDefault" file="/home/spintokha/projects/apextoolbox/symfony-logger/tests/EventListener/LoggerListenerTest.php" line="314" class="ApexToolbox\SymfonyLogger\Tests\EventListener\LoggerListenerTest" classname="ApexToolbox.SymfonyLogger.Tests.EventListener.LoggerListenerTest" assertions="1" time="0.000193"/>
        <testcase name="testGetSubscribedEvents" file="/home/spintokha/projects/apextoolbox/symfony-logger/tests/EventListener/LoggerListenerTest.php" line="55" class="ApexToolbox\SymfonyLogger\Tests\EventListener\LoggerListenerTest" classname="ApexToolbox.SymfonyLogger.Tests.EventListener.LoggerListenerTest" assertions="4" time="0.000305"/>
        <testcase name="testOnKernelResponseIgnoresSubRequests" file="/home/spintokha/projects/apextoolbox/symfony-logger/tests/EventListener/LoggerListenerTest.php" line="87" class="ApexToolbox\SymfonyLogger\Tests\EventListener\LoggerListenerTest" classname="ApexToolbox.SymfonyLogger.Tests.EventListener.LoggerListenerTest" assertions="1" time="0.000239"/>
        <testcase name="testPrepareTrackingDataIncludesAllFields" file="/home/spintokha/projects/apextoolbox/symfony-logger/tests/EventListener/LoggerListenerTest.php" line="190" class="ApexToolbox\SymfonyLogger\Tests\EventListener\LoggerListenerTest" classname="ApexToolbox.SymfonyLogger.Tests.EventListener.LoggerListenerTest" assertions="5" time="0.000553"/>
        <testcase name="testGetResponseContentTruncatesLargeContent" file="/home/spintokha/projects/apextoolbox/symfony-logger/tests/EventListener/LoggerListenerTest.php" line="297" class="ApexToolbox\SymfonyLogger\Tests\EventListener\LoggerListenerTest" classname="ApexToolbox.SymfonyLogger.Tests.EventListener.LoggerListenerTest" assertions="3" time="0.000699"/>
        <testcase name="testOnKernelRequestIgnoresSubRequests" file="/home/spintokha/projects/apextoolbox/symfony-logger/tests/EventListener/LoggerListenerTest.php" line="76" class="ApexToolbox\SymfonyLogger\Tests\EventListener\LoggerListenerTest" classname="ApexToolbox.SymfonyLogger.Tests.EventListener.LoggerListenerTest" assertions="1" time="0.000274"/>
        <testcase name="testOnKernelResponseTracksMatchingRequests" file="/home/spintokha/projects/apextoolbox/symfony-logger/tests/EventListener/LoggerListenerTest.php" line="98" class="ApexToolbox\SymfonyLogger\Tests\EventListener\LoggerListenerTest" classname="ApexToolbox.SymfonyLogger.Tests.EventListener.LoggerListenerTest" assertions="1" time="0.283958"/>
        <testcase name="testSendSyncRequestHandlesDataCorrectly" file="/home/spintokha/projects/apextoolbox/symfony-logger/tests/EventListener/LoggerListenerTest.php" line="321" class="ApexToolbox\SymfonyLogger\Tests\EventListener\LoggerListenerTest" classname="ApexToolbox.SymfonyLogger.Tests.EventListener.LoggerListenerTest" assertions="3" time="0.000652"/>
      </testsuite>
      <testsuite name="ApexToolbox\SymfonyLogger\Tests\Handler\ApexToolboxHandlerTest" file="/home/spintokha/projects/apextoolbox/symfony-logger/tests/Handler/ApexToolboxHandlerTest.php" tests="7" assertions="12" errors="0" failures="0" skipped="0" time="0.007222">
        <testcase name="testHandlesConsoleLogs" file="/home/spintokha/projects/apextoolbox/symfony-logger/tests/Handler/ApexToolboxHandlerTest.php" line="66" class="ApexToolbox\SymfonyLogger\Tests\Handler\ApexToolboxHandlerTest" classname="ApexToolbox.SymfonyLogger.Tests.Handler.ApexToolboxHandlerTest" assertions="3" time="0.004318"/>
        <testcase name="testIgnoresLogsWhenUniversalLoggingDisabled" file="/home/spintokha/projects/apextoolbox/symfony-logger/tests/Handler/ApexToolboxHandlerTest.php" line="98" class="ApexToolbox\SymfonyLogger\Tests\Handler\ApexToolboxHandlerTest" classname="ApexToolbox.SymfonyLogger.Tests.Handler.ApexToolboxHandlerTest" assertions="1" time="0.000208"/>
        <testcase name="testIgnoresLogsForDisabledTypes" file="/home/spintokha/projects/apextoolbox/symfony-logger/tests/Handler/ApexToolboxHandlerTest.php" line="118" class="ApexToolbox\SymfonyLogger\Tests\Handler\ApexToolboxHandlerTest" classname="ApexToolbox.SymfonyLogger.Tests.Handler.ApexToolboxHandlerTest" assertions="1" time="0.000158"/>
        <testcase name="testHandlesHttpClientExceptionsGracefully" file="/home/spintokha/projects/apextoolbox/symfony-logger/tests/Handler/ApexToolboxHandlerTest.php" line="173" class="ApexToolbox\SymfonyLogger\Tests\Handler\ApexToolboxHandlerTest" classname="ApexToolbox.SymfonyLogger.Tests.Handler.ApexToolboxHandlerTest" assertions="1" time="0.000501"/>
        <testcase name="testHandlesHttpLogs" file="/home/spintokha/projects/apextoolbox/symfony-logger/tests/Handler/ApexToolboxHandlerTest.php" line="50" class="ApexToolbox\SymfonyLogger\Tests\Handler\ApexToolboxHandlerTest" classname="ApexToolbox.SymfonyLogger.Tests.Handler.ApexToolboxHandlerTest" assertions="4" time="0.000272"/>
        <testcase name="testHandlesQueueLogs" file="/home/spintokha/projects/apextoolbox/symfony-logger/tests/Handler/ApexToolboxHandlerTest.php" line="81" class="ApexToolbox\SymfonyLogger\Tests\Handler\ApexToolboxHandlerTest" classname="ApexToolbox.SymfonyLogger.Tests.Handler.ApexToolboxHandlerTest" assertions="1" time="0.001444"/>
        <testcase name="testSendsLogsOnShutdownForConsole" file="/home/spintokha/projects/apextoolbox/symfony-logger/tests/Handler/ApexToolboxHandlerTest.php" line="140" class="ApexToolbox\SymfonyLogger\Tests\Handler\ApexToolboxHandlerTest" classname="ApexToolbox.SymfonyLogger.Tests.Handler.ApexToolboxHandlerTest" assertions="1" time="0.000322"/>
      </testsuite>
      <testsuite name="ApexToolbox\SymfonyLogger\Tests\ContextDetectorTest" file="/home/spintokha/projects/apextoolbox/symfony-logger/tests/ContextDetectorTest.php" tests="5" assertions="5" errors="0" failures="0" skipped="0" time="0.003652">
        <testcase name="testFallsBackToHttpForUnknownContext" file="/home/spintokha/projects/apextoolbox/symfony-logger/tests/ContextDetectorTest.php" line="94" class="ApexToolbox\SymfonyLogger\Tests\ContextDetectorTest" classname="ApexToolbox.SymfonyLogger.Tests.ContextDetectorTest" assertions="1" time="0.001085"/>
        <testcase name="testDetectsConsoleContext" file="/home/spintokha/projects/apextoolbox/symfony-logger/tests/ContextDetectorTest.php" line="33" class="ApexToolbox\SymfonyLogger\Tests\ContextDetectorTest" classname="ApexToolbox.SymfonyLogger.Tests.ContextDetectorTest" assertions="1" time="0.000137"/>
        <testcase name="testDetectsQueueWorkerFromArgv" file="/home/spintokha/projects/apextoolbox/symfony-logger/tests/ContextDetectorTest.php" line="46" class="ApexToolbox\SymfonyLogger\Tests\ContextDetectorTest" classname="ApexToolbox.SymfonyLogger.Tests.ContextDetectorTest" assertions="1" time="0.000128"/>
        <testcase name="testDetectsQueueWorkerFromEnvironmentVariable" file="/home/spintokha/projects/apextoolbox/symfony-logger/tests/ContextDetectorTest.php" line="70" class="ApexToolbox\SymfonyLogger\Tests\ContextDetectorTest" classname="ApexToolbox.SymfonyLogger.Tests.ContextDetectorTest" assertions="1" time="0.000114"/>
        <testcase name="testDetectsHttpContext" file="/home/spintokha/projects/apextoolbox/symfony-logger/tests/ContextDetectorTest.php" line="23" class="ApexToolbox\SymfonyLogger\Tests\ContextDetectorTest" classname="ApexToolbox.SymfonyLogger.Tests.ContextDetectorTest" assertions="1" time="0.002189"/>
      </testsuite>
      <testsuite name="ApexToolbox\SymfonyLogger\Tests\LogProcessorTest" file="/home/spintokha/projects/apextoolbox/symfony-logger/tests/LogProcessorTest.php" tests="2" assertions="10" errors="0" failures="0" skipped="0" time="0.000474">
        <testcase name="testProcessorHandlesMonolog3xRecord" file="/home/spintokha/projects/apextoolbox/symfony-logger/tests/LogProcessorTest.php" line="23" class="ApexToolbox\SymfonyLogger\Tests\LogProcessorTest" classname="ApexToolbox.SymfonyLogger.Tests.LogProcessorTest" assertions="5" time="0.000347"/>
        <testcase name="testProcessorHandlesMonolog2xRecord" file="/home/spintokha/projects/apextoolbox/symfony-logger/tests/LogProcessorTest.php" line="44" class="ApexToolbox\SymfonyLogger\Tests\LogProcessorTest" classname="ApexToolbox.SymfonyLogger.Tests.LogProcessorTest" assertions="5" time="0.000126"/>
      </testsuite>
      <testsuite name="ApexToolbox\SymfonyLogger\Tests\SourceClassExtractorTest" file="/home/spintokha/projects/apextoolbox/symfony-logger/tests/SourceClassExtractorTest.php" tests="8" assertions="13" errors="0" failures="0" skipped="0" time="0.000650">
        <testcase name="testExtractsFromClassContextKey" file="/home/spintokha/projects/apextoolbox/symfony-logger/tests/SourceClassExtractorTest.php" line="26" class="ApexToolbox\SymfonyLogger\Tests\SourceClassExtractorTest" classname="ApexToolbox.SymfonyLogger.Tests.SourceClassExtractorTest" assertions="1" time="0.000093"/>
        <testcase name="testExtractsFromServiceContextKey" file="/home/spintokha/projects/apextoolbox/symfony-logger/tests/SourceClassExtractorTest.php" line="35" class="ApexToolbox\SymfonyLogger\Tests\SourceClassExtractorTest" classname="ApexToolbox.SymfonyLogger.Tests.SourceClassExtractorTest" assertions="1" time="0.000077"/>
        <testcase name="testExtractsFromBacktrace" file="/home/spintokha/projects/apextoolbox/symfony-logger/tests/SourceClassExtractorTest.php" line="44" class="ApexToolbox\SymfonyLogger\Tests\SourceClassExtractorTest" classname="ApexToolbox.SymfonyLogger.Tests.SourceClassExtractorTest" assertions="1" time="0.000071"/>
        <testcase name="testIgnoresInternalLoggingClasses" file="/home/spintokha/projects/apextoolbox/symfony-logger/tests/SourceClassExtractorTest.php" line="63" class="ApexToolbox\SymfonyLogger\Tests\SourceClassExtractorTest" classname="ApexToolbox.SymfonyLogger.Tests.SourceClassExtractorTest" assertions="1" time="0.000071"/>
        <testcase name="testDetectsValidClassNames" file="/home/spintokha/projects/apextoolbox/symfony-logger/tests/SourceClassExtractorTest.php" line="75" class="ApexToolbox\SymfonyLogger\Tests\SourceClassExtractorTest" classname="ApexToolbox.SymfonyLogger.Tests.SourceClassExtractorTest" assertions="3" time="0.000083"/>
        <testcase name="testIgnoresInvalidClassNames" file="/home/spintokha/projects/apextoolbox/symfony-logger/tests/SourceClassExtractorTest.php" line="90" class="ApexToolbox\SymfonyLogger\Tests\SourceClassExtractorTest" classname="ApexToolbox.SymfonyLogger.Tests.SourceClassExtractorTest" assertions="4" time="0.000098"/>
        <testcase name="testExtractsSourceClassFromContext" file="/home/spintokha/projects/apextoolbox/symfony-logger/tests/SourceClassExtractorTest.php" line="17" class="ApexToolbox\SymfonyLogger\Tests\SourceClassExtractorTest" classname="ApexToolbox.SymfonyLogger.Tests.SourceClassExtractorTest" assertions="1" time="0.000086"/>
        <testcase name="testHandlesEmptyContext" file="/home/spintokha/projects/apextoolbox/symfony-logger/tests/SourceClassExtractorTest.php" line="54" class="ApexToolbox\SymfonyLogger\Tests\SourceClassExtractorTest" classname="ApexToolbox.SymfonyLogger.Tests.SourceClassExtractorTest" assertions="1" time="0.000071"/>
      </testsuite>
      <testsuite name="ApexToolbox\SymfonyLogger\Tests\ApexToolboxLoggerBundleTest" file="/home/spintokha/projects/apextoolbox/symfony-logger/tests/ApexToolboxLoggerBundleTest.php" tests="3" assertions="3" errors="0" failures="0" skipped="0" time="0.000489">
        <testcase name="testGetContainerExtensionReturnsSameInstance" file="/home/spintokha/projects/apextoolbox/symfony-logger/tests/ApexToolboxLoggerBundleTest.php" line="18" class="ApexToolbox\SymfonyLogger\Tests\ApexToolboxLoggerBundleTest" classname="ApexToolbox.SymfonyLogger.Tests.ApexToolboxLoggerBundleTest" assertions="1" time="0.000290"/>
        <testcase name="testBundleCanBeInstantiated" file="/home/spintokha/projects/apextoolbox/symfony-logger/tests/ApexToolboxLoggerBundleTest.php" line="27" class="ApexToolbox\SymfonyLogger\Tests\ApexToolboxLoggerBundleTest" classname="ApexToolbox.SymfonyLogger.Tests.ApexToolboxLoggerBundleTest" assertions="1" time="0.000136"/>
        <testcase name="testGetContainerExtension" file="/home/spintokha/projects/apextoolbox/symfony-logger/tests/ApexToolboxLoggerBundleTest.php" line="10" class="ApexToolbox\SymfonyLogger\Tests\ApexToolboxLoggerBundleTest" classname="ApexToolbox.SymfonyLogger.Tests.ApexToolboxLoggerBundleTest" assertions="1" time="0.000064"/>
      </testsuite>
      <testsuite name="ApexToolbox\SymfonyLogger\Tests\DependencyInjection\ConfigurationTest" file="/home/spintokha/projects/apextoolbox/symfony-logger/tests/DependencyInjection/ConfigurationTest.php" tests="6" assertions="31" errors="0" failures="0" skipped="0" time="0.001251">
        <testcase name="testGetConfigTreeBuilder" file="/home/spintokha/projects/apextoolbox/symfony-logger/tests/DependencyInjection/ConfigurationTest.php" line="22" class="ApexToolbox\SymfonyLogger\Tests\DependencyInjection\ConfigurationTest" classname="ApexToolbox.SymfonyLogger.Tests.DependencyInjection.ConfigurationTest" assertions="1" time="0.000115"/>
        <testcase name="testDefaultConfiguration" file="/home/spintokha/projects/apextoolbox/symfony-logger/tests/DependencyInjection/ConfigurationTest.php" line="29" class="ApexToolbox\SymfonyLogger\Tests\DependencyInjection\ConfigurationTest" classname="ApexToolbox.SymfonyLogger.Tests.DependencyInjection.ConfigurationTest" assertions="10" time="0.000253"/>
        <testcase name="testCustomConfiguration" file="/home/spintokha/projects/apextoolbox/symfony-logger/tests/DependencyInjection/ConfigurationTest.php" line="45" class="ApexToolbox\SymfonyLogger\Tests\DependencyInjection\ConfigurationTest" classname="ApexToolbox.SymfonyLogger.Tests.DependencyInjection.ConfigurationTest" assertions="10" time="0.000271"/>
        <testcase name="testPartialConfiguration" file="/home/spintokha/projects/apextoolbox/symfony-logger/tests/DependencyInjection/ConfigurationTest.php" line="84" class="ApexToolbox\SymfonyLogger\Tests\DependencyInjection\ConfigurationTest" classname="ApexToolbox.SymfonyLogger.Tests.DependencyInjection.ConfigurationTest" assertions="4" time="0.000174"/>
        <testcase name="testEmptyArraysAreValid" file="/home/spintokha/projects/apextoolbox/symfony-logger/tests/DependencyInjection/ConfigurationTest.php" line="104" class="ApexToolbox\SymfonyLogger\Tests\DependencyInjection\ConfigurationTest" classname="ApexToolbox.SymfonyLogger.Tests.DependencyInjection.ConfigurationTest" assertions="4" time="0.000182"/>
        <testcase name="testUniversalLoggingConfiguration" file="/home/spintokha/projects/apextoolbox/symfony-logger/tests/DependencyInjection/ConfigurationTest.php" line="129" class="ApexToolbox\SymfonyLogger\Tests\DependencyInjection\ConfigurationTest" classname="ApexToolbox.SymfonyLogger.Tests.DependencyInjection.ConfigurationTest" assertions="2" time="0.000256"/>
      </testsuite>
      <testsuite name="ApexToolbox\SymfonyLogger\Tests\LogBufferTest" file="/home/spintokha/projects/apextoolbox/symfony-logger/tests/LogBufferTest.php" tests="7" assertions="17" errors="0" failures="0" skipped="0" time="0.000659">
        <testcase name="testCanAddLogEntry" file="/home/spintokha/projects/apextoolbox/symfony-logger/tests/LogBufferTest.php" line="16" class="ApexToolbox\SymfonyLogger\Tests\LogBufferTest" classname="ApexToolbox.SymfonyLogger.Tests.LogBufferTest" assertions="2" time="0.000119"/>
        <testcase name="testCanAddMultipleEntries" file="/home/spintokha/projects/apextoolbox/symfony-logger/tests/LogBufferTest.php" line="27" class="ApexToolbox\SymfonyLogger\Tests\LogBufferTest" classname="ApexToolbox.SymfonyLogger.Tests.LogBufferTest" assertions="3" time="0.000101"/>
        <testcase name="testCanGetAllEntries" file="/home/spintokha/projects/apextoolbox/symfony-logger/tests/LogBufferTest.php" line="41" class="ApexToolbox\SymfonyLogger\Tests\LogBufferTest" classname="ApexToolbox.SymfonyLogger.Tests.LogBufferTest" assertions="2" time="0.000091"/>
        <testcase name="testCanFlushEntries" file="/home/spintokha/projects/apextoolbox/symfony-logger/tests/LogBufferTest.php" line="54" class="ApexToolbox\SymfonyLogger\Tests\LogBufferTest" classname="ApexToolbox.SymfonyLogger.Tests.LogBufferTest" assertions="4" time="0.000105"/>
        <testcase name="testFlushReturnsEmptyArrayWhenNoEntries" file="/home/spintokha/projects/apextoolbox/symfony-logger/tests/LogBufferTest.php" line="72" class="ApexToolbox\SymfonyLogger\Tests\LogBufferTest" classname="ApexToolbox.SymfonyLogger.Tests.LogBufferTest" assertions="2" time="0.000074"/>
        <testcase name="testAllReturnsEmptyArrayWhenNoEntries" file="/home/spintokha/projects/apextoolbox/symfony-logger/tests/LogBufferTest.php" line="80" class="ApexToolbox\SymfonyLogger\Tests\LogBufferTest" classname="ApexToolbox.SymfonyLogger.Tests.LogBufferTest" assertions="2" time="0.000079"/>
        <testcase name="testBufferPersistsAcrossCalls" file="/home/spintokha/projects/apextoolbox/symfony-logger/tests/LogBufferTest.php" line="88" class="ApexToolbox\SymfonyLogger\Tests\LogBufferTest" classname="ApexToolbox.SymfonyLogger.Tests.LogBufferTest" assertions="2" time="0.000090"/>
      </testsuite>
    </testsuite>
  </testsuite>
</testsuites>
